<?xml version="1.0" encoding="UTF-8"?>
<testsuite name="Scenario: Retrieve BID price from side and level" tests="3" skipped="0" failures="0" errors="0" timestamp="2018-03-04T09:16:59" hostname="Keis-MBP" time="0.0">
  <properties/>
  <testcase name="Given There are several orders in BID ladder of order book" classname="Scenario: Retrieve BID price from side and level" time="0.0"/>
  <testcase name="Then The price of BID ladder at level 2 will be 99.7" classname="Scenario: Retrieve BID price from side and level" time="0.0"/>
  <testcase name="classMethod" classname="Scenario: Retrieve BID price from side and level" time="0.002"/>
  <system-out><![CDATA[]]></system-out>
  <system-err><![CDATA[]]></system-err>
</testsuite>
