<?xml version="1.0" encoding="UTF-8"?>
<testsuite name="Scenario: Retrieve all orders" tests="3" skipped="0" failures="0" errors="0" timestamp="2018-03-04T09:16:59" hostname="Keis-MBP" time="0.003">
  <properties/>
  <testcase name="Given There are several orders in order book" classname="Scenario: Retrieve all orders" time="0.0"/>
  <testcase name="Then All orders in order book" classname="Scenario: Retrieve all orders" time="0.0"/>
  <testcase name="classMethod" classname="Scenario: Retrieve all orders" time="0.007"/>
  <system-out><![CDATA[]]></system-out>
  <system-err><![CDATA[]]></system-err>
</testsuite>
