<?xml version="1.0" encoding="UTF-8"?>
<testsuite name="Scenario: Retrieve BID price from side with non existing level" tests="4" skipped="0" failures="0" errors="0" timestamp="2018-03-04T09:16:59" hostname="Keis-MBP" time="0.002">
  <properties/>
  <testcase name="Given There are several orders in BID ladder of order book" classname="Scenario: Retrieve BID price from side with non existing level" time="0.0"/>
  <testcase name="When Getting the price of BID ladder at non existing level 4" classname="Scenario: Retrieve BID price from side with non existing level" time="0.0"/>
  <testcase name="Then It throws array index out of bound exception" classname="Scenario: Retrieve BID price from side with non existing level" time="0.0"/>
  <testcase name="classMethod" classname="Scenario: Retrieve BID price from side with non existing level" time="0.003"/>
  <system-out><![CDATA[]]></system-out>
  <system-err><![CDATA[]]></system-err>
</testsuite>
