<?xml version="1.0" encoding="UTF-8"?>
<testsuite name="Scenario: Retrieve OFFER price from side and level" tests="3" skipped="0" failures="0" errors="0" timestamp="2018-03-04T09:16:59" hostname="Keis-MBP" time="0.001">
  <properties/>
  <testcase name="Given There are several orders in OFFER ladder of order book" classname="Scenario: Retrieve OFFER price from side and level" time="0.0"/>
  <testcase name="Then The price of OFFER ladder at level 3 will be 101.6" classname="Scenario: Retrieve OFFER price from side and level" time="0.0"/>
  <testcase name="classMethod" classname="Scenario: Retrieve OFFER price from side and level" time="0.001"/>
  <system-out><![CDATA[]]></system-out>
  <system-err><![CDATA[]]></system-err>
</testsuite>
