<?xml version="1.0" encoding="UTF-8"?>
<testsuite name="cucumber.TestRunner" tests="0" skipped="0" failures="0" errors="0" timestamp="1970-01-01T00:00:00" hostname="Keis-MBP" time="0.0">
  <properties/>
  <system-out><![CDATA[
15 Scenarios (?[32m15 passed?[0m)
44 Steps (?[32m44 passed?[0m)
0m0.126s

]]></system-out>
  <system-err><![CDATA[]]></system-err>
</testsuite>
