<?xml version="1.0" encoding="UTF-8"?>
<testsuite name="Scenario: Adding OFFER order to order book when order with same price exists" tests="4" skipped="0" failures="0" errors="0" timestamp="2018-03-04T09:16:59" hostname="Keis-MBP" time="0.002">
  <properties/>
  <testcase name="Given There are several orders in OFFER ladder of order book" classname="Scenario: Adding OFFER order to order book when order with same price exists" time="0.0"/>
  <testcase name="When Adding order" classname="Scenario: Adding OFFER order to order book when order with same price exists" time="0.0"/>
  <testcase name="Then The total quantity of OFFER ladder at level 2 will be 6000000" classname="Scenario: Adding OFFER order to order book when order with same price exists" time="0.0"/>
  <testcase name="classMethod" classname="Scenario: Adding OFFER order to order book when order with same price exists" time="0.003"/>
  <system-out><![CDATA[]]></system-out>
  <system-err><![CDATA[]]></system-err>
</testsuite>
