<?xml version="1.0" encoding="UTF-8"?>
<testsuite name="orderbook.OrderBookTest" tests="5" skipped="0" failures="0" errors="0" timestamp="2018-03-04T09:16:59" hostname="Keis-MBP" time="0.003">
  <properties/>
  <testcase name="shouldModifyOrderQuantityWithOrderIdAndNewQuantity" classname="orderbook.OrderBookTest" time="0.0"/>
  <testcase name="shouldRemoveOrderFromBookByOrderId" classname="orderbook.OrderBookTest" time="0.001"/>
  <testcase name="shouldReturnTotalQuantityWithSideAndLevel" classname="orderbook.OrderBookTest" time="0.0"/>
  <testcase name="shouldAddToOrderBookWithAGivenOrder" classname="orderbook.OrderBookTest" time="0.001"/>
  <testcase name="shouldReturnPriceOfThePositionOfLadderWithSideAndLevel" classname="orderbook.OrderBookTest" time="0.001"/>
  <system-out><![CDATA[]]></system-out>
  <system-err><![CDATA[]]></system-err>
</testsuite>
